180 60
733
0 1 1 6
0 7 1 9
0 7 1 12
0 16 1 19
0 23 1 26
0 27 1 29
0 41 1 44
0 41 1 46
0 51 1 56
1 30 2 34
1 40 2 42
2 4 3 7
2 11 3 14
2 16 3 19
2 25 3 27
2 35 3 38
2 45 3 48
2 49 3 51
2 55 3 56
3 3 4 6
3 54 4 57
4 12 5 13
4 16 5 18
4 29 5 34
4 35 5 36
4 41 5 42
4 50 5 55
5 4 6 8
5 43 6 46
6 15 7 16
6 41 7 46
6 53 7 54
6 55 7 59
7 2 8 7
7 10 8 11
7 12 8 17
7 34 8 38
7 49 8 50
8 1 9 3
8 19 9 24
8 26 9 28
8 47 9 49
8 53 9 58
9 9 10 12
9 43 10 45
9 51 10 52
10 21 11 22
10 21 11 24
10 26 11 28
10 33 11 35
10 56 11 58
11 3 12 8
11 43 12 44
11 49 12 52
11 55 12 59
13 7 14 12
13 32 14 33
13 32 14 37
14 24 15 29
14 42 15 46
14 54 15 57
15 8 16 11
15 32 16 35
16 4 17 5
16 4 17 8
16 16 17 18
16 29 17 31
16 40 17 42
16 53 17 55
16 56 17 59
17 0 18 1
17 9 18 11
17 9 18 14
17 44 18 49
18 5 19 9
18 31 19 33
18 31 19 36
18 53 19 57
19 19 20 23
19 25 20 30
19 42 20 44
20 1 21 2
20 8 21 10
20 17 21 20
20 35 21 40
20 46 21 51
21 0 22 5
21 7 22 11
21 54 22 55
21 54 22 58
22 35 23 39
22 47 23 50
23 4 24 8
23 11 24 12
23 18 24 21
23 25 24 30
24 0 25 5
24 37 25 42
24 49 25 53
25 20 26 22
25 20 26 25
26 2 27 5
26 18 27 22
26 35 27 39
26 41 27 43
27 15 28 16
27 57 28 58
28 5 29 8
28 24 29 26
28 49 29 53
28 55 29 58
29 0 30 5
29 9 30 14
29 23 30 27
30 7 31 9
30 36 31 39
30 47 31 48
30 47 31 52
31 2 32 4
31 14 32 17
31 25 32 30
31 40 32 41
31 43 32 48
31 55 32 58
32 19 33 22
32 53 33 57
33 0 34 2
33 4 34 8
33 10 34 13
33 37 34 42
33 49 34 51
34 16 35 20
34 28 35 32
34 54 35 56
35 2 36 3
35 10 36 12
35 22 36 26
35 33 36 34
35 49 36 52
35 53 36 55
36 0 37 1
36 7 37 10
36 20 37 23
36 28 37 32
37 34 38 38
37 49 38 52
38 0 39 3
38 4 39 8
38 21 39 25
38 43 39 45
39 11 40 14
39 19 40 24
39 26 40 27
39 30 40 35
39 37 40 41
39 47 40 48
40 4 41 6
40 53 41 57
41 14 42 16
41 14 42 18
41 35 42 37
41 49 42 54
42 3 43 5
42 7 43 12
42 20 43 23
42 25 43 27
42 40 43 43
42 45 43 48
42 57 43 58
43 0 44 1
43 16 44 21
43 38 44 42
43 49 44 53
44 25 45 26
44 33 45 36
44 47 45 48
45 0 46 3
45 5 46 7
45 10 46 14
45 29 46 30
45 50 46 51
45 55 46 59
46 15 47 17
46 21 47 26
46 33 47 34
46 39 47 42
46 43 47 45
47 1 48 4
47 5 48 8
47 30 48 34
47 37 48 41
47 46 48 47
48 0 49 4
48 11 49 16
48 24 49 29
48 42 49 46
49 5 50 10
49 17 50 20
49 31 50 33
49 31 50 36
49 38 50 42
49 47 50 50
50 3 51 5
50 21 51 24
50 25 51 27
50 43 51 44
50 52 51 55
51 0 52 2
51 29 52 33
52 9 53 11
52 14 53 17
52 27 53 31
52 44 53 47
52 50 53 53
53 2 54 3
54 16 55 19
54 30 55 32
54 36 55 39
54 52 55 57
55 0 56 2
55 11 56 13
55 26 56 27
55 26 56 31
55 35 56 38
55 41 56 43
56 5 57 9
56 32 57 33
56 46 57 49
56 51 57 55
57 1 58 2
57 10 58 13
57 18 58 20
57 29 58 31
57 38 58 41
57 45 58 48
58 4 59 5
58 17 59 21
58 22 59 26
58 34 59 37
59 6 60 11
60 12 61 13
60 24 61 25
60 24 61 29
60 36 61 37
60 38 61 42
61 10 62 13
61 18 62 20
61 35 62 37
61 43 62 46
61 52 62 56
62 16 63 21
62 33 63 35
62 41 63 46
63 6 64 10
63 50 64 52
64 4 65 5
64 17 65 21
64 25 65 27
64 40 65 41
64 55 65 58
65 2 66 6
65 7 66 12
65 36 66 37
65 38 66 42
65 45 66 50
65 51 66 53
66 0 67 1
66 14 67 19
66 26 67 29
67 8 68 12
67 13 68 17
67 42 68 44
67 49 68 52
67 53 68 57
68 18 69 19
68 18 69 22
68 30 69 31
68 30 69 35
69 2 70 3
69 4 70 8
69 12 70 15
69 28 70 29
69 36 70 38
70 20 71 25
70 26 71 31
70 34 71 39
70 50 71 53
71 0 72 2
71 4 72 7
71 44 72 46
72 15 73 19
72 30 73 33
72 35 73 39
72 42 73 45
73 4 74 7
73 10 74 11
73 10 74 14
73 41 74 45
74 0 75 1
74 17 75 18
74 17 75 21
74 24 75 29
74 35 75 38
74 52 75 53
74 52 75 57
75 4 76 9
75 34 76 39
75 47 76 48
76 25 77 28
76 41 77 43
76 49 77 51
76 54 77 56
77 11 78 13
77 19 78 21
77 30 78 31
77 37 78 40
77 45 78 48
77 53 78 57
78 1 79 6
78 7 79 11
78 14 79 16
78 26 79 28
78 33 79 38
78 43 79 45
79 19 80 23
79 30 80 35
79 39 80 44
79 53 80 56
80 36 81 38
81 6 82 10
81 14 82 19
81 22 82 24
81 28 82 31
81 32 82 35
81 45 82 47
82 25 83 29
82 39 83 41
82 51 83 53
83 30 84 32
83 47 84 52
84 20 85 21
84 34 85 37
84 39 85 41
85 2 86 6
85 16 86 20
85 23 86 24
85 29 86 33
85 43 86 46
86 54 87 55
86 54 87 57
87 3 88 8
87 9 88 13
87 24 88 25
87 28 88 32
88 1 89 3
88 17 89 19
88 34 89 36
88 40 89 44
89 8 90 12
89 15 90 17
89 28 90 29
89 28 90 31
89 38 90 41
89 53 90 58
90 20 91 24
91 10 92 12
91 14 92 18
91 19 92 22
91 40 92 42
91 51 92 54
92 1 93 6
92 24 93 25
92 31 93 34
92 35 93 38
92 39 93 44
92 47 93 50
93 8 94 10
93 15 94 16
93 20 94 22
93 45 94 46
93 52 94 56
94 13 95 15
94 26 95 28
94 30 95 34
94 38 95 42
94 49 95 53
95 8 96 13
95 17 96 18
95 20 96 25
96 0 97 3
96 30 97 34
96 44 97 46
96 47 97 51
97 6 98 9
97 20 98 22
97 38 98 40
97 56 98 59
98 16 99 17
98 23 99 26
98 33 99 37
98 49 99 53
99 1 100 6
99 27 100 28
99 38 100 40
99 54 100 56
99 54 100 58
100 8 101 10
100 18 101 20
100 29 101 30
100 52 101 53
100 52 101 57
101 0 102 3
101 6 102 11
101 13 102 14
101 22 102 25
101 27 102 31
101 32 102 35
101 36 102 41
101 58 102 59
102 4 103 6
102 18 103 21
102 52 103 56
103 7 104 10
103 50 104 51
104 3 105 4
104 24 105 29
104 39 105 44
104 46 105 48
105 21 106 23
105 36 106 38
105 50 106 54
106 3 107 6
106 3 107 8
107 15 108 20
107 33 108 34
107 38 108 42
107 58 108 59
108 0 109 4
108 26 109 27
108 49 109 50
109 21 110 25
109 42 110 44
109 42 110 47
109 48 110 52
109 55 110 57
110 2 111 3
110 5 111 8
110 20 111 25
110 27 111 28
110 34 111 36
111 41 112 43
111 44 112 47
111 51 112 55
111 56 112 58
112 8 113 13
112 15 113 17
112 31 113 32
112 33 113 37
112 48 113 52
113 27 114 29
113 53 114 56
114 0 115 1
114 4 115 7
114 8 115 12
114 16 115 19
114 34 115 38
114 39 115 44
114 47 115 52
115 13 116 14
115 20 116 21
116 1 117 5
116 6 117 8
116 9 117 12
116 18 117 22
116 44 117 48
117 23 118 24
117 29 118 33
117 34 118 37
118 11 119 13
118 16 119 18
118 21 119 25
118 41 119 43
118 44 119 49
118 52 119 54
119 7 120 8
119 34 120 38
119 39 120 43
119 55 120 58
120 12 121 15
120 26 121 28
120 47 121 51
121 9 122 11
121 17 122 20
121 38 122 43
121 44 122 46
121 52 122 57
122 2 123 5
122 14 123 15
122 16 123 20
122 30 123 33
122 35 123 37
122 35 123 40
122 48 123 50
122 48 123 53
123 7 124 10
123 42 124 47
123 55 124 59
124 6 125 8
124 14 125 18
124 25 125 29
124 34 125 35
124 37 125 41
125 19 126 23
125 42 126 43
126 8 127 10
126 51 127 54
126 55 127 59
127 0 128 2
127 11 128 12
127 14 128 17
127 18 128 21
127 24 128 25
127 35 128 37
128 4 129 9
128 32 129 33
128 38 129 40
128 42 129 45
128 42 129 47
128 51 129 54
128 56 129 57
129 14 130 15
129 21 130 25
129 26 130 28
129 26 130 31
130 43 131 45
130 43 131 48
131 0 132 2
131 0 132 5
131 8 132 13
131 14 132 17
132 31 133 35
132 39 133 42
133 2 134 5
133 8 134 12
133 16 134 17
133 18 134 22
133 37 134 39
134 0 135 5
134 29 135 30
134 50 135 52
134 50 135 55
135 9 136 13
135 40 136 41
136 8 137 11
136 19 137 20
136 51 137 52
136 51 137 56
137 12 138 15
137 35 138 40
138 6 139 10
138 16 139 17
138 16 139 20
138 21 139 23
138 28 139 30
138 41 139 44
138 45 139 50
138 52 139 57
139 4 140 8
140 0 141 3
140 11 141 13
140 25 141 27
140 51 141 54
141 4 142 8
141 19 142 24
141 35 142 39
141 41 142 43
141 41 142 46
141 48 142 53
141 57 142 58
142 2 143 4
142 25 143 27
142 30 143 33
143 20 144 21
143 20 144 24
143 43 144 47
143 48 144 51
143 48 144 53
144 0 145 2
144 3 145 7
144 14 145 17
144 37 145 38
144 39 145 43
144 54 145 57
145 19 146 23
145 25 146 29
145 33 146 35
145 44 146 45
145 47 146 51
145 52 146 53
146 1 147 6
146 7 147 11
146 12 147 14
146 16 147 18
146 30 147 33
146 39 147 43
146 57 147 59
147 20 148 25
147 27 148 30
148 3 149 5
148 13 149 16
148 31 149 34
148 45 149 47
148 50 149 55
149 7 150 12
149 17 150 21
149 22 150 27
149 28 150 30
149 40 150 43
150 34 151 39
150 46 151 48
150 54 151 55
151 15 152 17
151 20 152 22
151 25 152 28
151 43 152 45
152 1 153 2
152 37 153 39
152 41 153 45
152 48 153 50
152 51 153 56
153 4 154 9
153 16 154 18
153 57 154 59
154 10 155 14
154 20 155 24
154 25 155 28
154 32 155 33
154 42 155 43
154 42 155 47
154 50 155 52
154 50 155 55
155 37 156 41
155 48 156 51
156 8 157 11
156 30 157 31
156 30 157 34
157 5 158 10
157 16 158 17
157 48 158 49
157 48 158 53
157 54 158 58
158 15 159 17
158 25 159 29
158 40 159 42
158 40 159 44
158 45 159 47
159 5 160 8
159 11 160 13
159 14 160 17
159 22 160 26
159 48 160 52
160 33 161 35
160 44 161 47
160 55 161 59
161 1 162 4
162 5 163 10
162 12 163 15
162 21 163 25
162 32 163 33
162 48 163 50
163 1 164 4
163 28 164 29
163 53 164 56
164 7 165 10
164 57 165 59
165 11 166 13
165 25 166 29
165 30 166 33
165 37 166 39
165 43 166 44
166 0 167 2
166 3 167 7
166 15 167 20
166 21 167 23
166 49 167 53
167 10 168 12
167 31 168 33
167 31 168 35
167 36 168 37
167 40 168 44
168 2 169 7
168 8 169 10
168 20 169 24
168 54 169 56
169 13 170 18
169 28 170 31
169 35 170 39
169 41 170 42
169 41 170 46
169 48 170 50
169 51 170 56
170 8 171 10
170 27 171 32
171 3 172 5
171 40 172 41
171 46 172 48
172 14 173 19
172 50 173 52
173 0 174 1
173 4 174 7
173 9 174 10
173 28 174 30
174 20 175 25
174 27 175 32
174 35 175 36
174 38 175 41
174 46 175 50
174 51 175 54
175 6 176 9
175 13 176 16
175 43 176 44
176 11 177 15
176 22 177 23
176 28 177 32
176 39 177 40
176 49 177 52
176 54 177 55
177 17 178 20
177 37 178 40
178 2 179 7
178 21 179 25
178 42 179 47
178 53 179 56
